<?xml version="1.0" encoding="UTF-8"?>
<testng-results ignored="14" total="24" passed="8" failed="2" skipped="0">
  <reporter-output>
  </reporter-output>
  <suite started-at="2022-07-05T13:14:23 IST" name="Suite" finished-at="2022-07-05T13:20:25 IST" duration-ms="361937">
    <groups>
      <group name="Sanity">
        <method signature="AccountCreationTests.validateCreateText(java.lang.String)[pri:0, instance:com.mystore.testcases.AccountCreationTests@fd07cbb]" name="validateCreateText" class="com.mystore.testcases.AccountCreationTests"/>
        <method signature="AddToCartTests.clickOnProduct(java.lang.String,java.lang.String,java.lang.String)[pri:0, instance:com.mystore.testcases.AddToCartTests@3571b748]" name="clickOnProduct" class="com.mystore.testcases.AddToCartTests"/>
        <method signature="LoginPageTests.loginTests(java.lang.String,java.lang.String)[pri:0, instance:com.mystore.testcases.LoginPageTests@11fc564b]" name="loginTests" class="com.mystore.testcases.LoginPageTests"/>
      </group> <!-- Sanity -->
      <group name="Regression">
        <method signature="AddToCartTests.clickOnProduct(java.lang.String,java.lang.String,java.lang.String)[pri:0, instance:com.mystore.testcases.AddToCartTests@3571b748]" name="clickOnProduct" class="com.mystore.testcases.AddToCartTests"/>
        <method signature="EndToEnd.endToEndTest(java.lang.String,java.lang.String,java.lang.String)[pri:0, instance:com.mystore.testcases.EndToEnd@7748410a]" name="endToEndTest" class="com.mystore.testcases.EndToEnd"/>
        <method signature="OrderPageTests.verifyTotalPrice(java.lang.String,java.lang.String,java.lang.String)[pri:0, instance:com.mystore.testcases.OrderPageTests@4470f8a6]" name="verifyTotalPrice" class="com.mystore.testcases.OrderPageTests"/>
      </group> <!-- Regression -->
      <group name="Smoke">
        <method signature="HomePageTests.orderHistoryTests(java.lang.String,java.lang.String)[pri:0, instance:com.mystore.testcases.HomePageTests@484970b0]" name="orderHistoryTests" class="com.mystore.testcases.HomePageTests"/>
        <method signature="HomePageTests.wishListTests(java.lang.String,java.lang.String)[pri:0, instance:com.mystore.testcases.HomePageTests@484970b0]" name="wishListTests" class="com.mystore.testcases.HomePageTests"/>
        <method signature="IndexPageTests.VerifyLogo()[pri:0, instance:com.mystore.testcases.IndexPageTests@7c83dc97]" name="VerifyLogo" class="com.mystore.testcases.IndexPageTests"/>
        <method signature="IndexPageTests.verifyTitle()[pri:0, instance:com.mystore.testcases.IndexPageTests@7c83dc97]" name="verifyTitle" class="com.mystore.testcases.IndexPageTests"/>
        <method signature="LoginPageTests.loginTests(java.lang.String,java.lang.String)[pri:0, instance:com.mystore.testcases.LoginPageTests@11fc564b]" name="loginTests" class="com.mystore.testcases.LoginPageTests"/>
        <method signature="SearchResultTests.validateProductAvaility(java.lang.String)[pri:0, instance:com.mystore.testcases.SearchResultTests@3e96bacf]" name="validateProductAvaility" class="com.mystore.testcases.SearchResultTests"/>
      </group> <!-- Smoke -->
    </groups>
    <test started-at="2022-07-05T13:14:23 IST" name="Test" finished-at="2022-07-05T13:20:25 IST" duration-ms="361937">
      <class name="com.mystore.testcases.EndToEnd">
        <test-method is-config="true" signature="setup(java.lang.String)[pri:0, instance:com.mystore.testcases.EndToEnd@7748410a]" started-at="2022-07-05T13:19:51 IST" name="setup" finished-at="2022-07-05T13:20:17 IST" duration-ms="26178" status="PASS">
          <params>
            <param index="0">
              <value>
                <![CDATA[Chrome]]>
              </value>
            </param>
          </params>
          <reporter-output>
          </reporter-output>
        </test-method> <!-- setup -->
        <test-method signature="endToEndTest(java.lang.String,java.lang.String,java.lang.String)[pri:0, instance:com.mystore.testcases.EndToEnd@7748410a]" started-at="2022-07-05T13:20:17 IST" name="endToEndTest" data-provider="getProduct" finished-at="2022-07-05T13:20:22 IST" duration-ms="5140" status="FAIL">
          <params>
            <param index="0">
              <value>
                <![CDATA[t-shirt]]>
              </value>
            </param>
            <param index="1">
              <value>
                <![CDATA[2.0]]>
              </value>
            </param>
            <param index="2">
              <value>
                <![CDATA[M]]>
              </value>
            </param>
          </params>
          <exception class="org.openqa.selenium.WebDriverException">
            <message>
              <![CDATA[unknown error: unexpected command response
  (Session info: chrome=103.0.5060.66)
Build info: version: '4.3.0', revision: 'a4995e2c09*'
System info: host: 'P2CLAP-52GXD63', ip: '192.168.43.86', os.name: 'Windows 10', os.arch: 'amd64', os.version: '10.0', java.version: '18.0.1.1'
Driver info: org.openqa.selenium.chrome.ChromeDriver
Command: [32d89a2754be4b1327b2ba99f9ce471d, actions {actions=[org.openqa.selenium.interactions.Sequence@8585cdd]}]
Capabilities {acceptInsecureCerts: false, browserName: chrome, browserVersion: 103.0.5060.66, chrome: {chromedriverVersion: 103.0.5060.53 (a1711811edd7..., userDataDir: C:\Users\GARVIT~1.GUP\AppDa...}, goog:chromeOptions: {debuggerAddress: localhost:25773}, networkConnectionEnabled: false, pageLoadStrategy: normal, platformName: WINDOWS, proxy: Proxy(), se:cdp: ws://localhost:25773/devtoo..., se:cdpVersion: 103.0.5060.66, setWindowRect: true, strictFileInteractability: false, timeouts: {implicit: 0, pageLoad: 300000, script: 30000}, unhandledPromptBehavior: dismiss and notify, webauthn:extension:credBlob: true, webauthn:extension:largeBlob: true, webauthn:virtualAuthenticators: true}
Session ID: 32d89a2754be4b1327b2ba99f9ce471d]]>
            </message>
            <full-stacktrace>
              <![CDATA[org.openqa.selenium.WebDriverException: unknown error: unexpected command response
  (Session info: chrome=103.0.5060.66)
Build info: version: '4.3.0', revision: 'a4995e2c09*'
System info: host: 'P2CLAP-52GXD63', ip: '192.168.43.86', os.name: 'Windows 10', os.arch: 'amd64', os.version: '10.0', java.version: '18.0.1.1'
Driver info: org.openqa.selenium.chrome.ChromeDriver
Command: [32d89a2754be4b1327b2ba99f9ce471d, actions {actions=[org.openqa.selenium.interactions.Sequence@8585cdd]}]
Capabilities {acceptInsecureCerts: false, browserName: chrome, browserVersion: 103.0.5060.66, chrome: {chromedriverVersion: 103.0.5060.53 (a1711811edd7..., userDataDir: C:\Users\GARVIT~1.GUP\AppDa...}, goog:chromeOptions: {debuggerAddress: localhost:25773}, networkConnectionEnabled: false, pageLoadStrategy: normal, platformName: WINDOWS, proxy: Proxy(), se:cdp: ws://localhost:25773/devtoo..., se:cdpVersion: 103.0.5060.66, setWindowRect: true, strictFileInteractability: false, timeouts: {implicit: 0, pageLoad: 300000, script: 30000}, unhandledPromptBehavior: dismiss and notify, webauthn:extension:credBlob: true, webauthn:extension:largeBlob: true, webauthn:virtualAuthenticators: true}
Session ID: 32d89a2754be4b1327b2ba99f9ce471d
at java.base/jdk.internal.reflect.DirectConstructorHandleAccessor.newInstance(DirectConstructorHandleAccessor.java:67)
at java.base/java.lang.reflect.Constructor.newInstanceWithCaller(Constructor.java:499)
at java.base/java.lang.reflect.Constructor.newInstance(Constructor.java:483)
at org.openqa.selenium.remote.codec.w3c.W3CHttpResponseCodec.createException(W3CHttpResponseCodec.java:200)
at org.openqa.selenium.remote.codec.w3c.W3CHttpResponseCodec.decode(W3CHttpResponseCodec.java:133)
at org.openqa.selenium.remote.codec.w3c.W3CHttpResponseCodec.decode(W3CHttpResponseCodec.java:53)
at org.openqa.selenium.remote.HttpCommandExecutor.execute(HttpCommandExecutor.java:184)
at org.openqa.selenium.remote.service.DriverCommandExecutor.invokeExecute(DriverCommandExecutor.java:167)
at org.openqa.selenium.remote.service.DriverCommandExecutor.execute(DriverCommandExecutor.java:142)
at org.openqa.selenium.remote.RemoteWebDriver.execute(RemoteWebDriver.java:569)
at org.openqa.selenium.remote.RemoteWebDriver.perform(RemoteWebDriver.java:637)
at org.openqa.selenium.interactions.Actions$BuiltAction.perform(Actions.java:567)
at com.mystore.actiondrivers.Action.click(Action.java:46)
at com.mystore.PageObjects.IndexPage.searchProduct(IndexPage.java:48)
at com.mystore.testcases.EndToEnd.endToEndTest(EndToEnd.java:53)
at java.base/jdk.internal.reflect.DirectMethodHandleAccessor.invoke(DirectMethodHandleAccessor.java:104)
at java.base/java.lang.reflect.Method.invoke(Method.java:577)
at org.testng.internal.MethodInvocationHelper.invokeMethod(MethodInvocationHelper.java:133)
at org.testng.internal.TestInvoker.invokeMethod(TestInvoker.java:598)
at org.testng.internal.TestInvoker.invokeTestMethod(TestInvoker.java:173)
at org.testng.internal.MethodRunner.runInSequence(MethodRunner.java:46)
at org.testng.internal.TestInvoker$MethodInvocationAgent.invoke(TestInvoker.java:824)
at org.testng.internal.TestInvoker.invokeTestMethods(TestInvoker.java:146)
at org.testng.internal.TestMethodWorker.invokeTestMethods(TestMethodWorker.java:146)
at org.testng.internal.TestMethodWorker.run(TestMethodWorker.java:128)
at java.base/java.util.ArrayList.forEach(ArrayList.java:1511)
at org.testng.TestRunner.privateRun(TestRunner.java:794)
at org.testng.TestRunner.run(TestRunner.java:596)
at org.testng.SuiteRunner.runTest(SuiteRunner.java:377)
at org.testng.SuiteRunner.runSequentially(SuiteRunner.java:371)
at org.testng.SuiteRunner.privateRun(SuiteRunner.java:332)
at org.testng.SuiteRunner.run(SuiteRunner.java:276)
at org.testng.SuiteRunnerWorker.runSuite(SuiteRunnerWorker.java:53)
at org.testng.SuiteRunnerWorker.run(SuiteRunnerWorker.java:96)
at org.testng.TestNG.runSuitesSequentially(TestNG.java:1212)
at org.testng.TestNG.runSuitesLocally(TestNG.java:1134)
at org.testng.TestNG.runSuites(TestNG.java:1063)
at org.testng.TestNG.run(TestNG.java:1031)
at org.testng.remote.AbstractRemoteTestNG.run(AbstractRemoteTestNG.java:115)
at org.testng.remote.RemoteTestNG.initAndRun(RemoteTestNG.java:251)
at org.testng.remote.RemoteTestNG.main(RemoteTestNG.java:77)
]]>
            </full-stacktrace>
          </exception> <!-- org.openqa.selenium.WebDriverException -->
          <reporter-output>
          </reporter-output>
        </test-method> <!-- endToEndTest -->
        <test-method is-config="true" signature="teardown()[pri:0, instance:com.mystore.testcases.EndToEnd@7748410a]" started-at="2022-07-05T13:20:25 IST" name="teardown" finished-at="2022-07-05T13:20:25 IST" duration-ms="370" status="PASS">
          <reporter-output>
          </reporter-output>
        </test-method> <!-- teardown -->
      </class> <!-- com.mystore.testcases.EndToEnd -->
      <class name="com.mystore.testcases.SearchResultTests">
        <test-method is-config="true" signature="setup(java.lang.String)[pri:0, instance:com.mystore.testcases.SearchResultTests@3e96bacf]" started-at="2022-07-05T13:16:52 IST" name="setup" finished-at="2022-07-05T13:17:18 IST" duration-ms="26185" status="PASS">
          <params>
            <param index="0">
              <value>
                <![CDATA[Chrome]]>
              </value>
            </param>
          </params>
          <reporter-output>
          </reporter-output>
        </test-method> <!-- setup -->
        <test-method signature="validateProductAvaility(java.lang.String)[pri:0, instance:com.mystore.testcases.SearchResultTests@3e96bacf]" started-at="2022-07-05T13:17:18 IST" name="validateProductAvaility" data-provider="searchProduct" finished-at="2022-07-05T13:17:23 IST" duration-ms="5021" status="PASS">
          <params>
            <param index="0">
              <value>
                <![CDATA[t-shirt]]>
              </value>
            </param>
          </params>
          <reporter-output>
          </reporter-output>
        </test-method> <!-- validateProductAvaility -->
        <test-method is-config="true" signature="teardown()[pri:0, instance:com.mystore.testcases.SearchResultTests@3e96bacf]" started-at="2022-07-05T13:17:23 IST" name="teardown" finished-at="2022-07-05T13:17:23 IST" duration-ms="303" status="PASS">
          <reporter-output>
          </reporter-output>
        </test-method> <!-- teardown -->
      </class> <!-- com.mystore.testcases.SearchResultTests -->
      <class name="com.mystore.testcases.AccountCreationTests">
        <test-method is-config="true" signature="setup(java.lang.String)[pri:0, instance:com.mystore.testcases.AccountCreationTests@fd07cbb]" started-at="2022-07-05T13:15:25 IST" name="setup" finished-at="2022-07-05T13:15:41 IST" duration-ms="15831" status="PASS">
          <params>
            <param index="0">
              <value>
                <![CDATA[Chrome]]>
              </value>
            </param>
          </params>
          <reporter-output>
          </reporter-output>
        </test-method> <!-- setup -->
        <test-method signature="validateCreateText(java.lang.String)[pri:0, instance:com.mystore.testcases.AccountCreationTests@fd07cbb]" started-at="2022-07-05T13:15:41 IST" name="validateCreateText" data-provider="email" finished-at="2022-07-05T13:15:53 IST" duration-ms="11977" status="PASS">
          <params>
            <param index="0">
              <value>
                <![CDATA[ghfsdtyf9789g@gmail.com]]>
              </value>
            </param>
          </params>
          <reporter-output>
          </reporter-output>
        </test-method> <!-- validateCreateText -->
        <test-method is-config="true" signature="teardown()[pri:0, instance:com.mystore.testcases.AccountCreationTests@fd07cbb]" started-at="2022-07-05T13:15:53 IST" name="teardown" finished-at="2022-07-05T13:15:54 IST" duration-ms="448" status="PASS">
          <reporter-output>
          </reporter-output>
        </test-method> <!-- teardown -->
      </class> <!-- com.mystore.testcases.AccountCreationTests -->
      <class name="com.mystore.testcases.AddToCartTests">
        <test-method is-config="true" signature="setup(java.lang.String)[pri:0, instance:com.mystore.testcases.AddToCartTests@3571b748]" started-at="2022-07-05T13:15:54 IST" name="setup" finished-at="2022-07-05T13:16:18 IST" duration-ms="23820" status="PASS">
          <params>
            <param index="0">
              <value>
                <![CDATA[Chrome]]>
              </value>
            </param>
          </params>
          <reporter-output>
          </reporter-output>
        </test-method> <!-- setup -->
        <test-method signature="clickOnProduct(java.lang.String,java.lang.String,java.lang.String)[pri:0, instance:com.mystore.testcases.AddToCartTests@3571b748]" started-at="2022-07-05T13:16:18 IST" name="clickOnProduct" data-provider="getProduct" finished-at="2022-07-05T13:16:51 IST" duration-ms="33715" status="PASS">
          <params>
            <param index="0">
              <value>
                <![CDATA[t-shirt]]>
              </value>
            </param>
            <param index="1">
              <value>
                <![CDATA[2.0]]>
              </value>
            </param>
            <param index="2">
              <value>
                <![CDATA[M]]>
              </value>
            </param>
          </params>
          <reporter-output>
          </reporter-output>
        </test-method> <!-- clickOnProduct -->
        <test-method is-config="true" signature="teardown()[pri:0, instance:com.mystore.testcases.AddToCartTests@3571b748]" started-at="2022-07-05T13:16:51 IST" name="teardown" finished-at="2022-07-05T13:16:52 IST" duration-ms="370" status="PASS">
          <reporter-output>
          </reporter-output>
        </test-method> <!-- teardown -->
      </class> <!-- com.mystore.testcases.AddToCartTests -->
      <class name="com.mystore.testcases.OrderPageTests">
        <test-method is-config="true" signature="setup(java.lang.String)[pri:0, instance:com.mystore.testcases.OrderPageTests@4470f8a6]" started-at="2022-07-05T13:18:54 IST" name="setup" finished-at="2022-07-05T13:19:13 IST" duration-ms="19011" status="PASS">
          <params>
            <param index="0">
              <value>
                <![CDATA[Chrome]]>
              </value>
            </param>
          </params>
          <reporter-output>
          </reporter-output>
        </test-method> <!-- setup -->
        <test-method signature="verifyTotalPrice(java.lang.String,java.lang.String,java.lang.String)[pri:0, instance:com.mystore.testcases.OrderPageTests@4470f8a6]" started-at="2022-07-05T13:19:13 IST" name="verifyTotalPrice" data-provider="getProduct" finished-at="2022-07-05T13:19:15 IST" duration-ms="1867" status="FAIL">
          <params>
            <param index="0">
              <value>
                <![CDATA[t-shirt]]>
              </value>
            </param>
            <param index="1">
              <value>
                <![CDATA[2.0]]>
              </value>
            </param>
            <param index="2">
              <value>
                <![CDATA[M]]>
              </value>
            </param>
          </params>
          <exception class="org.openqa.selenium.WebDriverException">
            <message>
              <![CDATA[unknown error: unexpected command response
  (Session info: chrome=103.0.5060.66)
Build info: version: '4.3.0', revision: 'a4995e2c09*'
System info: host: 'P2CLAP-52GXD63', ip: '192.168.43.86', os.name: 'Windows 10', os.arch: 'amd64', os.version: '10.0', java.version: '18.0.1.1'
Driver info: org.openqa.selenium.chrome.ChromeDriver
Command: [f42357db91607e57d9e1e557fb1b85d2, actions {actions=[org.openqa.selenium.interactions.Sequence@4b00d59]}]
Capabilities {acceptInsecureCerts: false, browserName: chrome, browserVersion: 103.0.5060.66, chrome: {chromedriverVersion: 103.0.5060.53 (a1711811edd7..., userDataDir: C:\Users\GARVIT~1.GUP\AppDa...}, goog:chromeOptions: {debuggerAddress: localhost:25578}, networkConnectionEnabled: false, pageLoadStrategy: normal, platformName: WINDOWS, proxy: Proxy(), se:cdp: ws://localhost:25578/devtoo..., se:cdpVersion: 103.0.5060.66, setWindowRect: true, strictFileInteractability: false, timeouts: {implicit: 0, pageLoad: 300000, script: 30000}, unhandledPromptBehavior: dismiss and notify, webauthn:extension:credBlob: true, webauthn:extension:largeBlob: true, webauthn:virtualAuthenticators: true}
Session ID: f42357db91607e57d9e1e557fb1b85d2]]>
            </message>
            <full-stacktrace>
              <![CDATA[org.openqa.selenium.WebDriverException: unknown error: unexpected command response
  (Session info: chrome=103.0.5060.66)
Build info: version: '4.3.0', revision: 'a4995e2c09*'
System info: host: 'P2CLAP-52GXD63', ip: '192.168.43.86', os.name: 'Windows 10', os.arch: 'amd64', os.version: '10.0', java.version: '18.0.1.1'
Driver info: org.openqa.selenium.chrome.ChromeDriver
Command: [f42357db91607e57d9e1e557fb1b85d2, actions {actions=[org.openqa.selenium.interactions.Sequence@4b00d59]}]
Capabilities {acceptInsecureCerts: false, browserName: chrome, browserVersion: 103.0.5060.66, chrome: {chromedriverVersion: 103.0.5060.53 (a1711811edd7..., userDataDir: C:\Users\GARVIT~1.GUP\AppDa...}, goog:chromeOptions: {debuggerAddress: localhost:25578}, networkConnectionEnabled: false, pageLoadStrategy: normal, platformName: WINDOWS, proxy: Proxy(), se:cdp: ws://localhost:25578/devtoo..., se:cdpVersion: 103.0.5060.66, setWindowRect: true, strictFileInteractability: false, timeouts: {implicit: 0, pageLoad: 300000, script: 30000}, unhandledPromptBehavior: dismiss and notify, webauthn:extension:credBlob: true, webauthn:extension:largeBlob: true, webauthn:virtualAuthenticators: true}
Session ID: f42357db91607e57d9e1e557fb1b85d2
at java.base/jdk.internal.reflect.DirectConstructorHandleAccessor.newInstance(DirectConstructorHandleAccessor.java:67)
at java.base/java.lang.reflect.Constructor.newInstanceWithCaller(Constructor.java:499)
at java.base/java.lang.reflect.Constructor.newInstance(Constructor.java:483)
at org.openqa.selenium.remote.codec.w3c.W3CHttpResponseCodec.createException(W3CHttpResponseCodec.java:200)
at org.openqa.selenium.remote.codec.w3c.W3CHttpResponseCodec.decode(W3CHttpResponseCodec.java:133)
at org.openqa.selenium.remote.codec.w3c.W3CHttpResponseCodec.decode(W3CHttpResponseCodec.java:53)
at org.openqa.selenium.remote.HttpCommandExecutor.execute(HttpCommandExecutor.java:184)
at org.openqa.selenium.remote.service.DriverCommandExecutor.invokeExecute(DriverCommandExecutor.java:167)
at org.openqa.selenium.remote.service.DriverCommandExecutor.execute(DriverCommandExecutor.java:142)
at org.openqa.selenium.remote.RemoteWebDriver.execute(RemoteWebDriver.java:569)
at org.openqa.selenium.remote.RemoteWebDriver.perform(RemoteWebDriver.java:637)
at org.openqa.selenium.interactions.Actions$BuiltAction.perform(Actions.java:567)
at com.mystore.actiondrivers.Action.click(Action.java:46)
at com.mystore.PageObjects.IndexPage.searchProduct(IndexPage.java:48)
at com.mystore.testcases.OrderPageTests.verifyTotalPrice(OrderPageTests.java:43)
at java.base/jdk.internal.reflect.DirectMethodHandleAccessor.invoke(DirectMethodHandleAccessor.java:104)
at java.base/java.lang.reflect.Method.invoke(Method.java:577)
at org.testng.internal.MethodInvocationHelper.invokeMethod(MethodInvocationHelper.java:133)
at org.testng.internal.TestInvoker.invokeMethod(TestInvoker.java:598)
at org.testng.internal.TestInvoker.invokeTestMethod(TestInvoker.java:173)
at org.testng.internal.MethodRunner.runInSequence(MethodRunner.java:46)
at org.testng.internal.TestInvoker$MethodInvocationAgent.invoke(TestInvoker.java:824)
at org.testng.internal.TestInvoker.invokeTestMethods(TestInvoker.java:146)
at org.testng.internal.TestMethodWorker.invokeTestMethods(TestMethodWorker.java:146)
at org.testng.internal.TestMethodWorker.run(TestMethodWorker.java:128)
at java.base/java.util.ArrayList.forEach(ArrayList.java:1511)
at org.testng.TestRunner.privateRun(TestRunner.java:794)
at org.testng.TestRunner.run(TestRunner.java:596)
at org.testng.SuiteRunner.runTest(SuiteRunner.java:377)
at org.testng.SuiteRunner.runSequentially(SuiteRunner.java:371)
at org.testng.SuiteRunner.privateRun(SuiteRunner.java:332)
at org.testng.SuiteRunner.run(SuiteRunner.java:276)
at org.testng.SuiteRunnerWorker.runSuite(SuiteRunnerWorker.java:53)
at org.testng.SuiteRunnerWorker.run(SuiteRunnerWorker.java:96)
at org.testng.TestNG.runSuitesSequentially(TestNG.java:1212)
at org.testng.TestNG.runSuitesLocally(TestNG.java:1134)
at org.testng.TestNG.runSuites(TestNG.java:1063)
at org.testng.TestNG.run(TestNG.java:1031)
at org.testng.remote.AbstractRemoteTestNG.run(AbstractRemoteTestNG.java:115)
at org.testng.remote.RemoteTestNG.initAndRun(RemoteTestNG.java:251)
at org.testng.remote.RemoteTestNG.main(RemoteTestNG.java:77)
]]>
            </full-stacktrace>
          </exception> <!-- org.openqa.selenium.WebDriverException -->
          <reporter-output>
          </reporter-output>
        </test-method> <!-- verifyTotalPrice -->
        <test-method is-config="true" signature="teardown()[pri:0, instance:com.mystore.testcases.OrderPageTests@4470f8a6]" started-at="2022-07-05T13:19:18 IST" name="teardown" finished-at="2022-07-05T13:19:18 IST" duration-ms="332" status="PASS">
          <reporter-output>
          </reporter-output>
        </test-method> <!-- teardown -->
      </class> <!-- com.mystore.testcases.OrderPageTests -->
      <class name="com.mystore.testcases.IndexPageTests">
        <test-method is-config="true" signature="setup(java.lang.String)[pri:0, instance:com.mystore.testcases.IndexPageTests@7c83dc97]" started-at="2022-07-05T13:19:18 IST" name="setup" finished-at="2022-07-05T13:19:37 IST" duration-ms="18561" status="PASS">
          <params>
            <param index="0">
              <value>
                <![CDATA[Chrome]]>
              </value>
            </param>
          </params>
          <reporter-output>
          </reporter-output>
        </test-method> <!-- setup -->
        <test-method signature="VerifyLogo()[pri:0, instance:com.mystore.testcases.IndexPageTests@7c83dc97]" started-at="2022-07-05T13:19:37 IST" name="VerifyLogo" finished-at="2022-07-05T13:19:37 IST" duration-ms="69" status="PASS">
          <reporter-output>
          </reporter-output>
        </test-method> <!-- VerifyLogo -->
        <test-method is-config="true" signature="teardown()[pri:0, instance:com.mystore.testcases.IndexPageTests@7c83dc97]" started-at="2022-07-05T13:19:37 IST" name="teardown" finished-at="2022-07-05T13:19:37 IST" duration-ms="344" status="PASS">
          <reporter-output>
          </reporter-output>
        </test-method> <!-- teardown -->
        <test-method is-config="true" signature="setup(java.lang.String)[pri:0, instance:com.mystore.testcases.IndexPageTests@7c83dc97]" started-at="2022-07-05T13:19:37 IST" name="setup" finished-at="2022-07-05T13:19:51 IST" duration-ms="13453" status="PASS">
          <params>
            <param index="0">
              <value>
                <![CDATA[Chrome]]>
              </value>
            </param>
          </params>
          <reporter-output>
          </reporter-output>
        </test-method> <!-- setup -->
        <test-method signature="verifyTitle()[pri:0, instance:com.mystore.testcases.IndexPageTests@7c83dc97]" started-at="2022-07-05T13:19:51 IST" name="verifyTitle" finished-at="2022-07-05T13:19:51 IST" duration-ms="13" status="PASS">
          <reporter-output>
          </reporter-output>
        </test-method> <!-- verifyTitle -->
        <test-method is-config="true" signature="teardown()[pri:0, instance:com.mystore.testcases.IndexPageTests@7c83dc97]" started-at="2022-07-05T13:19:51 IST" name="teardown" finished-at="2022-07-05T13:19:51 IST" duration-ms="322" status="PASS">
          <reporter-output>
          </reporter-output>
        </test-method> <!-- teardown -->
      </class> <!-- com.mystore.testcases.IndexPageTests -->
      <class name="com.mystore.testcases.HomePageTests">
        <test-method is-config="true" signature="setup(java.lang.String)[pri:0, instance:com.mystore.testcases.HomePageTests@484970b0]" started-at="2022-07-05T13:17:23 IST" name="setup" finished-at="2022-07-05T13:17:47 IST" duration-ms="24028" status="PASS">
          <params>
            <param index="0">
              <value>
                <![CDATA[Chrome]]>
              </value>
            </param>
          </params>
          <reporter-output>
          </reporter-output>
        </test-method> <!-- setup -->
        <test-method signature="orderHistoryTests(java.lang.String,java.lang.String)[pri:0, instance:com.mystore.testcases.HomePageTests@484970b0]" started-at="2022-07-05T13:17:47 IST" name="orderHistoryTests" data-provider="credentials" finished-at="2022-07-05T13:18:07 IST" duration-ms="19470" status="PASS">
          <params>
            <param index="0">
              <value>
                <![CDATA[garvitofficial97@gmail.com]]>
              </value>
            </param>
            <param index="1">
              <value>
                <![CDATA[Qazxsw@9549]]>
              </value>
            </param>
          </params>
          <reporter-output>
          </reporter-output>
        </test-method> <!-- orderHistoryTests -->
        <test-method is-config="true" signature="teardown()[pri:0, instance:com.mystore.testcases.HomePageTests@484970b0]" started-at="2022-07-05T13:18:07 IST" name="teardown" finished-at="2022-07-05T13:18:07 IST" duration-ms="310" status="PASS">
          <reporter-output>
          </reporter-output>
        </test-method> <!-- teardown -->
        <test-method is-config="true" signature="setup(java.lang.String)[pri:0, instance:com.mystore.testcases.HomePageTests@484970b0]" started-at="2022-07-05T13:18:07 IST" name="setup" finished-at="2022-07-05T13:18:33 IST" duration-ms="26315" status="PASS">
          <params>
            <param index="0">
              <value>
                <![CDATA[Chrome]]>
              </value>
            </param>
          </params>
          <reporter-output>
          </reporter-output>
        </test-method> <!-- setup -->
        <test-method signature="wishListTests(java.lang.String,java.lang.String)[pri:0, instance:com.mystore.testcases.HomePageTests@484970b0]" started-at="2022-07-05T13:18:33 IST" name="wishListTests" data-provider="credentials" finished-at="2022-07-05T13:18:54 IST" duration-ms="20494" status="PASS">
          <params>
            <param index="0">
              <value>
                <![CDATA[garvitofficial97@gmail.com]]>
              </value>
            </param>
            <param index="1">
              <value>
                <![CDATA[Qazxsw@9549]]>
              </value>
            </param>
          </params>
          <reporter-output>
          </reporter-output>
        </test-method> <!-- wishListTests -->
        <test-method is-config="true" signature="teardown()[pri:0, instance:com.mystore.testcases.HomePageTests@484970b0]" started-at="2022-07-05T13:18:54 IST" name="teardown" finished-at="2022-07-05T13:18:54 IST" duration-ms="315" status="PASS">
          <reporter-output>
          </reporter-output>
        </test-method> <!-- teardown -->
      </class> <!-- com.mystore.testcases.HomePageTests -->
      <class name="com.mystore.testcases.LoginPageTests">
        <test-method is-config="true" signature="loadConfig()[pri:0, instance:com.mystore.testcases.LoginPageTests@11fc564b]" started-at="2022-07-05T13:14:23 IST" name="loadConfig" finished-at="2022-07-05T13:14:23 IST" duration-ms="437" status="PASS">
          <reporter-output>
          </reporter-output>
        </test-method> <!-- loadConfig -->
        <test-method is-config="true" signature="setup(java.lang.String)[pri:0, instance:com.mystore.testcases.LoginPageTests@11fc564b]" started-at="2022-07-05T13:14:25 IST" name="setup" finished-at="2022-07-05T13:14:56 IST" duration-ms="31589" status="PASS">
          <params>
            <param index="0">
              <value>
                <![CDATA[Chrome]]>
              </value>
            </param>
          </params>
          <reporter-output>
          </reporter-output>
        </test-method> <!-- setup -->
        <test-method signature="loginTests(java.lang.String,java.lang.String)[pri:0, instance:com.mystore.testcases.LoginPageTests@11fc564b]" started-at="2022-07-05T13:14:56 IST" name="loginTests" data-provider="credentials" finished-at="2022-07-05T13:15:25 IST" duration-ms="28566" status="PASS">
          <params>
            <param index="0">
              <value>
                <![CDATA[garvitofficial97@gmail.com]]>
              </value>
            </param>
            <param index="1">
              <value>
                <![CDATA[Qazxsw@9549]]>
              </value>
            </param>
          </params>
          <reporter-output>
          </reporter-output>
        </test-method> <!-- loginTests -->
        <test-method is-config="true" signature="teardown()[pri:0, instance:com.mystore.testcases.LoginPageTests@11fc564b]" started-at="2022-07-05T13:15:25 IST" name="teardown" finished-at="2022-07-05T13:15:25 IST" duration-ms="379" status="PASS">
          <reporter-output>
          </reporter-output>
        </test-method> <!-- teardown -->
        <test-method is-config="true" signature="afterSuite()[pri:0, instance:com.mystore.testcases.LoginPageTests@11fc564b]" started-at="2022-07-05T13:20:25 IST" name="afterSuite" finished-at="2022-07-05T13:20:26 IST" duration-ms="466" status="PASS">
          <reporter-output>
          </reporter-output>
        </test-method> <!-- afterSuite -->
      </class> <!-- com.mystore.testcases.LoginPageTests -->
    </test> <!-- Test -->
  </suite> <!-- Suite -->
</testng-results>
